Seg Dez 21 15:58:54 -02 2020
./configure --prefix=/root/melted/20201221 --enable-gpl
Seg Dez 21 16:13:49 -02 2020
./configure --prefix=/root/melted/20201221 --enable-gpl
Seg Dez 21 16:20:00 -02 2020
./configure --prefix=/root/melted/20201221 --enable-gpl
Seg Dez 21 16:27:23 -02 2020
./configure --prefix=/root/melted/20201221 --enable-gpl
Seg Dez 21 16:31:02 -02 2020
./configure --prefix=/root/melted/20201221 --enable-gpl
Seg Dez 21 16:34:30 -02 2020
./configure --prefix=/root/melted/20201221 --enable-gpl
Seg Dez 21 17:21:24 -02 2020
./configure --prefix=/root/melted/20201221 --enable-gpl
Seg Dez 21 18:57:05 -02 2020
./configure --prefix=/root/melted/20201221 --enable-gpl
Ter Dez 22 10:29:32 -02 2020
./configure --prefix=/root/melted/20201222 --enable-gpl
Ter Dez 22 11:33:09 -02 2020
./configure --prefix=/root/melted/20201222 --enable-gpl
Ter Dez 22 11:41:58 -02 2020
./configure --prefix=/root/melted/20201222 --enable-gpl
Ter Dez 22 13:41:17 -02 2020
./configure --prefix=/root/melted/20201222 --enable-gpl
Ter Dez 22 13:57:33 -02 2020
./configure --prefix=/root/melted/20201222 --enable-gpl
Ter Dez 22 14:04:33 -02 2020
./configure --prefix=/root/melted/20201222 --enable-gpl
Ter Dez 22 14:05:38 -02 2020
./configure --prefix=/root/melted/20201222 --enable-gpl
Ter Dez 22 17:15:53 -02 2020
./configure --prefix=/root/melted/20201222 --enable-gpl
Qua Dez 23 10:30:56 -02 2020
./configure --prefix=/root/melted/20201223 --enable-gpl
Qua Dez 23 10:36:08 -02 2020
./configure --prefix=/root/melted/20201223 --enable-gpl
Qua Dez 23 10:58:19 -02 2020
./configure --prefix=/root/melted/20201223 --enable-gpl
Qua Dez 23 14:13:24 -02 2020
./configure --prefix=/root/melted/20201223 --enable-gpl
Qua Dez 23 14:14:30 -02 2020
./configure --prefix=/root/melted/20201223 --enable-gpl
Qua Dez 23 14:21:59 -02 2020
./configure --prefix=/root/melted/20201223 --enable-gpl
Qua Dez 23 14:23:22 -02 2020
./configure --prefix=/root/melted/20201223 --enable-gpl
Qua Dez 23 15:06:34 -02 2020
./configure --prefix=/root/melted/20201223 --enable-gpl
Qua Dez 23 15:08:29 -02 2020
./configure --prefix=/root/melted/20201223 --enable-gpl
Qua Dez 23 15:15:15 -02 2020
./configure --prefix=/root/melted/20201223 --enable-gpl
Qua Dez 23 15:17:03 -02 2020
./configure --prefix=/root/melted/20201223 --enable-gpl
Qua Dez 23 15:20:09 -02 2020
./configure --prefix=/root/melted/20201223 --enable-gpl
Qua Dez 23 15:22:13 -02 2020
./configure --prefix=/root/melted/20201223 --enable-gpl
Qua Dez 23 15:26:00 -02 2020
./configure --prefix=/root/melted/20201223 --enable-gpl
Seg Jan  4 10:01:47 -02 2021
./configure --prefix=/root/melted/20210104 --enable-gpl
Seg Jan  4 10:05:49 -02 2021
./configure --prefix=/root/melted/20210104 --enable-gpl
Seg Jan  4 10:06:04 -02 2021
./configure --prefix=/root/melted/20210104 --enable-gpl
Seg Jan  4 11:16:30 -02 2021
./configure --prefix=/root/melted/20210104 --enable-gpl
Seg Jan  4 11:21:46 -02 2021
./configure --prefix=/root/melted/20210104 --enable-gpl
Seg Jan  4 11:27:12 -02 2021
./configure --prefix=/root/melted/20210104 --enable-gpl
Seg Jan  4 13:45:17 -02 2021
./configure --prefix=/root/melted/20210104 --enable-gpl
Seg Jan  4 14:37:22 -02 2021
./configure --prefix=/root/melted/20210104 --enable-gpl
Seg Jan  4 16:51:55 -02 2021
./configure --prefix=/root/melted/20210104 --enable-gpl
Seg Jan  4 17:04:52 -02 2021
./configure --prefix=/root/melted/20210104 --enable-gpl
Seg Jan  4 17:08:56 -02 2021
./configure --prefix=/root/melted/20210104 --enable-gpl
Seg Jan  4 17:17:12 -02 2021
./configure --prefix=/root/melted/20210104 --enable-gpl
Seg Jan  4 17:18:19 -02 2021
./configure --prefix=/root/melted/20210104 --enable-gpl
Seg Jan  4 17:20:15 -02 2021
./configure --prefix=/root/melted/20210104 --enable-gpl
Seg Jan  4 17:22:08 -02 2021
./configure --prefix=/root/melted/20210104 --enable-gpl
Seg Jan  4 17:25:02 -02 2021
./configure --prefix=/root/melted/20210104 --enable-gpl
Seg Jan  4 17:26:41 -02 2021
./configure --prefix=/root/melted/20210104 --enable-gpl
Seg Jan  4 17:27:00 -02 2021
./configure --prefix=/root/melted/20210104 --enable-gpl
Seg Jan  4 17:28:20 -02 2021
./configure --prefix=/root/melted/20210104 --enable-gpl
Seg Jan  4 17:31:44 -02 2021
./configure --prefix=/root/melted/20210104 --enable-gpl
Seg Jan  4 17:42:19 -02 2021
./configure --prefix=/root/melted/20210104 --enable-gpl
Seg Jan  4 17:46:40 -02 2021
./configure --prefix=/root/melted/20210104 --enable-gpl
Seg Jan  4 17:46:55 -02 2021
./configure --prefix=/root/melted/20210104 --enable-gpl
Seg Jan  4 17:49:18 -02 2021
./configure --prefix=/root/melted/20210104 --enable-gpl
Seg Jan  4 17:55:30 -02 2021
./configure --prefix=/root/melted/20210104 --enable-gpl
Seg Jan  4 17:56:48 -02 2021
./configure --prefix=/root/melted/20210104 --enable-gpl
Seg Jan  4 18:09:30 -02 2021
./configure --prefix=/root/melted/20210104 --enable-gpl
Seg Jan  4 18:12:11 -02 2021
./configure --prefix=/root/melted/20210104 --enable-gpl
Seg Jan  4 18:14:34 -02 2021
./configure --prefix=/root/melted/20210104 --enable-gpl
Seg Jan  4 18:37:06 -02 2021
./configure --prefix=/root/melted/20210104 --enable-gpl
Seg Jan  4 18:40:26 -02 2021
./configure --prefix=/root/melted/20210104 --enable-gpl
Seg Jan  4 19:00:59 -02 2021
./configure --prefix=/root/melted/20210104 --enable-gpl
Ter Jan  5 10:37:38 -02 2021
./configure --prefix=/root/melted/20210105 --enable-gpl
Ter Jan  5 18:44:29 -02 2021
./configure --prefix=/root/melted/20210105 --enable-gpl
Ter Jan  5 19:05:36 -02 2021
./configure --prefix=/root/melted/20210105 --enable-gpl
Qua Jan  6 11:00:34 -02 2021
./configure --prefix=/root/melted/20210106 --enable-gpl
Qua Jan  6 11:06:55 -02 2021
./configure --prefix=/root/melted/20210106 --enable-gpl
Qua Jan  6 11:09:27 -02 2021
./configure --prefix=/root/melted/20210106 --enable-gpl
Qua Jan  6 11:10:58 -02 2021
./configure --prefix=/root/melted/20210106 --enable-gpl
Qua Jan  6 11:12:13 -02 2021
./configure --prefix=/root/melted/20210106 --enable-gpl
Qua Jan  6 11:14:26 -02 2021
./configure --prefix=/root/melted/20210106 --enable-gpl
Qua Jan  6 11:15:40 -02 2021
./configure --prefix=/root/melted/20210106 --enable-gpl
Qua Jan  6 11:20:22 -02 2021
./configure --prefix=/root/melted/20210106 --enable-gpl
Qua Jan  6 11:21:12 -02 2021
./configure --prefix=/root/melted/20210106 --enable-gpl
Qua Jan  6 11:24:40 -02 2021
./configure --prefix=/root/melted/20210106 --enable-gpl
Qua Jan  6 11:25:11 -02 2021
./configure --prefix=/root/melted/20210106 --enable-gpl
Qua Jan  6 11:29:04 -02 2021
./configure --prefix=/root/melted/20210106 --enable-gpl
Qua Jan  6 11:31:02 -02 2021
./configure --prefix=/root/melted/20210106 --enable-gpl
Qua Jan  6 11:32:54 -02 2021
./configure --prefix=/root/melted/20210106 --enable-gpl
Qua Jan  6 11:34:00 -02 2021
./configure --prefix=/root/melted/20210106 --enable-gpl
Qua Jan  6 11:40:34 -02 2021
./configure --prefix=/root/melted/20210106 --enable-gpl
Qua Jan  6 11:41:50 -02 2021
./configure --prefix=/root/melted/20210106 --enable-gpl
Qua Jan  6 14:28:04 -02 2021
./configure --prefix=/root/melted/20210106 --enable-gpl
Qua Jan  6 18:19:35 -02 2021
./configure --prefix=/root/melted/20210106 --enable-gpl
Qua Jan  6 18:23:26 -02 2021
./configure --prefix=/root/melted/20210106 --enable-gpl
Qua Jan  6 18:29:19 -02 2021
./configure --prefix=/root/melted/20210106 --enable-gpl
Qui Jan  7 09:58:45 -02 2021
./configure --prefix=/root/melted/20210107 --enable-gpl
Qui Jan  7 10:21:03 -02 2021
./configure --prefix=/root/melted/20210107 --enable-gpl
Qui Jan  7 10:36:53 -02 2021
./configure --prefix=/root/melted/20210107 --enable-gpl
Qui Jan  7 10:45:45 -02 2021
./configure --prefix=/root/melted/20210107 --enable-gpl
Qui Jan  7 10:45:57 -02 2021
./configure --prefix=/root/melted/20210107 --enable-gpl
Qui Jan  7 10:51:21 -02 2021
./configure --prefix=/root/melted/20210107 --enable-gpl
Qui Jan  7 11:02:02 -02 2021
./configure --prefix=/root/melted/20210107 --enable-gpl
Qui Jan  7 11:08:33 -02 2021
./configure --prefix=/root/melted/20210107 --enable-gpl
Qui Jan  7 11:13:07 -02 2021
./configure --prefix=/root/melted/20210107 --enable-gpl
Qui Jan  7 11:41:49 -02 2021
./configure --prefix=/root/melted/20210107 --enable-gpl
Qui Jan  7 11:42:38 -02 2021
./configure --prefix=/root/melted/20210107 --enable-gpl
Sex Jan  8 16:51:43 -02 2021
./configure --prefix=/root/melted/20210108 --enable-gpl
Qui Jan 28 18:53:51 -02 2021
./configure --prefix=/root/melted/20210128 --enable-gpl
Qui Jan 28 18:55:07 -02 2021
./configure --prefix=/root/melted/20210128 --enable-gpl
Qui Jan 28 18:56:46 -02 2021
./configure --prefix=/root/melted/20210128 --enable-gpl
Qui Jan 28 18:59:11 -02 2021
./configure --prefix=/root/melted/20210128 --enable-gpl
Qui Jan 28 19:01:34 -02 2021
./configure --prefix=/root/melted/20210128 --enable-gpl
Ter Fev  2 16:37:08 -02 2021
./configure --prefix=/root/melted/20210202 --enable-gpl
Ter Fev  2 16:42:15 -02 2021
./configure --prefix=/root/melted/20210202 --enable-gpl
Ter Fev  2 16:54:32 -02 2021
./configure --prefix=/root/melted/20210202 --enable-gpl
Ter Fev  2 16:58:48 -02 2021
./configure --prefix=/root/melted/20210202 --enable-gpl
Qui Fev  4 15:28:02 -02 2021
./configure --prefix=/root/melted/20210204 --enable-gpl
Qui Fev  4 15:31:50 -02 2021
./configure --prefix=/root/melted/20210204 --enable-gpl
Qui Fev 18 11:23:38 -02 2021
./configure --prefix=/root/melted/20210218 --enable-gpl
Qui Fev 18 11:25:58 -02 2021
./configure --prefix=/root/melted/20210218 --enable-gpl
Qui Fev 18 11:28:44 -02 2021
./configure --prefix=/root/melted/20210218 --enable-gpl
Qui Fev 18 11:29:07 -02 2021
./configure --prefix=/root/melted/20210218 --enable-gpl
Qui Fev 18 11:29:44 -02 2021
./configure --prefix=/root/melted/20210218 --enable-gpl
Qui Fev 18 11:30:50 -02 2021
./configure --prefix=/root/melted/20210218 --enable-gpl
Qui Fev 18 11:33:21 -02 2021
./configure --prefix=/root/melted/20210218 --enable-gpl
Qui Fev 18 11:34:56 -02 2021
./configure --prefix=/root/melted/20210218 --enable-gpl
Qui Fev 18 11:36:15 -02 2021
./configure --prefix=/root/melted/20210218 --enable-gpl
Qui Fev 18 11:37:14 -02 2021
./configure --prefix=/root/melted/20210218 --enable-gpl
Qui Fev 18 11:39:18 -02 2021
./configure --prefix=/root/melted/20210218 --enable-gpl
Qui Fev 18 11:41:39 -02 2021
./configure --prefix=/root/melted/20210218 --enable-gpl
Qui Fev 18 11:42:28 -02 2021
./configure --prefix=/root/melted/20210218 --enable-gpl
Qui Fev 18 11:46:23 -02 2021
./configure --prefix=/root/melted/20210218 --enable-gpl
Qui Fev 18 11:46:46 -02 2021
./configure --prefix=/root/melted/20210218 --enable-gpl
Qui Fev 18 11:48:02 -02 2021
./configure --prefix=/root/melted/20210218 --enable-gpl
Qui Fev 18 11:50:26 -02 2021
./configure --prefix=/root/melted/20210218 --enable-gpl
Qui Fev 18 18:48:41 -02 2021
./configure --prefix=/root/melted/20210218 --enable-gpl
Qui Fev 18 18:54:03 -02 2021
./configure --prefix=/root/melted/20210218 --enable-gpl
Sex Fev 26 15:10:16 -03 2021
./configure --prefix=/root/melted/20210226 --enable-gpl
Sex Fev 26 15:11:17 -03 2021
./configure --prefix=/root/melted/20210226 --enable-gpl
Sex Fev 26 15:12:24 -03 2021
./configure --prefix=/root/melted/20210226 --enable-gpl
Sex Fev 26 15:14:19 -03 2021
./configure --prefix=/root/melted/20210226 --enable-gpl
Sex Fev 26 15:15:14 -03 2021
./configure --prefix=/root/melted/20210226 --enable-gpl
Sex Fev 26 15:16:48 -03 2021
./configure --prefix=/root/melted/20210226 --enable-gpl
Sex Fev 26 15:17:34 -03 2021
./configure --prefix=/root/melted/20210226 --enable-gpl
Sex Fev 26 15:18:53 -03 2021
./configure --prefix=/root/melted/20210226 --enable-gpl
Sex Fev 26 15:20:06 -03 2021
./configure --prefix=/root/melted/20210226 --enable-gpl
Sex Fev 26 15:23:20 -03 2021
./configure --prefix=/root/melted/20210226 --enable-gpl
Sex Fev 26 15:24:18 -03 2021
./configure --prefix=/root/melted/20210226 --enable-gpl
Sex Fev 26 15:24:54 -03 2021
./configure --prefix=/root/melted/20210226 --enable-gpl
Sex Fev 26 15:25:58 -03 2021
./configure --prefix=/root/melted/20210226 --enable-gpl
Sex Fev 26 15:27:09 -03 2021
./configure --prefix=/root/melted/20210226 --enable-gpl
Sex Fev 26 15:28:47 -03 2021
./configure --prefix=/root/melted/20210226 --enable-gpl
Sex Fev 26 15:30:50 -03 2021
./configure --prefix=/root/melted/20210226 --enable-gpl
Sex Fev 26 15:32:53 -03 2021
./configure --prefix=/root/melted/20210226 --enable-gpl
Sex Fev 26 15:34:24 -03 2021
./configure --prefix=/root/melted/20210226 --enable-gpl
Sex Fev 26 15:36:23 -03 2021
./configure --prefix=/root/melted/20210226 --enable-gpl
Sex Fev 26 15:38:26 -03 2021
./configure --prefix=/root/melted/20210226 --enable-gpl
Sex Fev 26 15:39:18 -03 2021
./configure --prefix=/root/melted/20210226 --enable-gpl
Sex Fev 26 15:40:17 -03 2021
./configure --prefix=/root/melted/20210226 --enable-gpl
Sex Fev 26 15:41:42 -03 2021
./configure --prefix=/root/melted/20210226 --enable-gpl
Sex Fev 26 15:42:39 -03 2021
./configure --prefix=/root/melted/20210226 --enable-gpl
Sex Fev 26 15:43:00 -03 2021
./configure --prefix=/root/melted/20210226 --enable-gpl
Sex Fev 26 15:50:56 -03 2021
./configure --prefix=/root/melted/20210226 --enable-gpl
Sex Mar 12 14:18:40 -03 2021
./configure --prefix=/root/melted/20210312 --enable-gpl
Sex Mar 12 14:46:46 -03 2021
./configure --prefix=/root/melted/20210312 --enable-gpl
Sex Mar 12 14:48:36 -03 2021
./configure --prefix=/root/melted/20210312 --enable-gpl
Sex Mar 12 14:53:25 -03 2021
./configure --prefix=/root/melted/20210312 --enable-gpl
Sex Mar 12 14:54:36 -03 2021
./configure --prefix=/root/melted/20210312 --enable-gpl
Sex Mar 12 15:03:38 -03 2021
./configure --prefix=/root/melted/20210312 --enable-gpl
Sex Mar 12 15:29:34 -03 2021
./configure --prefix=/root/melted/20210312 --enable-gpl
Sex Mar 12 15:30:23 -03 2021
./configure --prefix=/root/melted/20210312 --enable-gpl
Sex Mar 12 16:00:27 -03 2021
./configure --prefix=/root/melted/20210312 --enable-gpl
Sex Mar 12 16:02:42 -03 2021
./configure --prefix=/root/melted/20210312 --enable-gpl
Ter Mar 16 09:21:39 -03 2021
./configure --prefix=/root/melted/20210316 --enable-gpl
Ter Mar 16 09:28:18 -03 2021
./configure --prefix=/root/melted/20210316 --enable-gpl
Sex Mar 26 16:55:50 -03 2021
./configure --prefix=/root/melted/20210326 --enable-gpl
Sex Mar 26 17:04:51 -03 2021
./configure --prefix=/root/melted/20210326 --enable-gpl
Sex Mar 26 17:09:58 -03 2021
./configure --prefix=/root/melted/20210326 --enable-gpl
Sex Mar 26 17:11:06 -03 2021
./configure --prefix=/root/melted/20210326 --enable-gpl
Sex Mar 26 17:13:30 -03 2021
./configure --prefix=/root/melted/20210326 --enable-gpl
Sex Mar 26 17:20:42 -03 2021
./configure --prefix=/root/melted/20210326 --enable-gpl
Sex Mar 26 17:24:05 -03 2021
./configure --prefix=/root/melted/20210326 --enable-gpl
Sex Mar 26 17:28:04 -03 2021
./configure --prefix=/root/melted/20210326 --enable-gpl
Seg Mar 29 16:35:19 -03 2021
./configure --prefix=/root/melted/20210329 --enable-gpl
Seg Abr  5 16:41:03 -03 2021
./configure --prefix=/root/melted/20210405 --enable-gpl
Seg Abr  5 16:45:51 -03 2021
./configure --prefix=/root/melted/20210405 --enable-gpl
Seg Abr  5 16:56:01 -03 2021
./configure --prefix=/root/melted/20210405 --enable-gpl
Seg Abr  5 17:01:19 -03 2021
./configure --prefix=/root/melted/20210405 --enable-gpl
Seg Abr  5 17:12:45 -03 2021
./configure --prefix=/root/melted/20210405 --enable-gpl
Seg Abr  5 17:19:33 -03 2021
./configure --prefix=/root/melted/20210405 --enable-gpl
Seg Abr  5 17:22:38 -03 2021
./configure --prefix=/root/melted/20210405 --enable-gpl
Seg Abr  5 17:26:58 -03 2021
./configure --prefix=/root/melted/20210405 --enable-gpl
Seg Abr  5 17:30:30 -03 2021
./configure --prefix=/root/melted/20210405 --enable-gpl
Seg Abr  5 17:33:08 -03 2021
./configure --prefix=/root/melted/20210405 --enable-gpl
Ter Abr  6 09:53:43 -03 2021
./configure --prefix=/root/melted/20210406 --enable-gpl
Ter Abr  6 10:42:53 -03 2021
./configure --prefix=/root/melted/20210406 --enable-gpl
Ter Abr  6 10:50:15 -03 2021
./configure --prefix=/root/melted/20210406 --enable-gpl
Ter Abr  6 10:52:40 -03 2021
./configure --prefix=/root/melted/20210406 --enable-gpl
Ter Abr  6 10:56:15 -03 2021
./configure --prefix=/root/melted/20210406 --enable-gpl
Ter Abr  6 11:04:01 -03 2021
./configure --prefix=/root/melted/20210406 --enable-gpl
Ter Abr  6 11:19:58 -03 2021
./configure --prefix=/root/melted/20210406 --enable-gpl
Ter Abr  6 11:20:22 -03 2021
./configure --prefix=/root/melted/20210406 --enable-gpl
Ter Abr  6 12:27:10 -03 2021
./configure --prefix=/root/melted/20210406 --enable-gpl
Ter Abr  6 12:27:32 -03 2021
./configure --prefix=/root/melted/20210406 --enable-gpl
Ter Abr  6 12:31:32 -03 2021
./configure --prefix=/root/melted/20210406 --enable-gpl
Ter Abr  6 12:33:38 -03 2021
./configure --prefix=/root/melted/20210406 --enable-gpl
Ter Abr  6 12:35:07 -03 2021
./configure --prefix=/root/melted/20210406 --enable-gpl
Ter Abr  6 12:36:50 -03 2021
./configure --prefix=/root/melted/20210406 --enable-gpl
Ter Abr  6 14:54:29 -03 2021
./configure --prefix=/root/melted/20210406 --enable-gpl
Ter Abr  6 15:13:50 -03 2021
./configure --prefix=/root/melted/20210406 --enable-gpl
Ter Abr  6 15:16:15 -03 2021
./configure --prefix=/root/melted/20210406 --enable-gpl
Ter Abr  6 15:21:55 -03 2021
./configure --prefix=/root/melted/20210406 --enable-gpl
Ter Abr  6 15:25:50 -03 2021
./configure --prefix=/root/melted/20210406 --enable-gpl
Ter Abr  6 15:29:53 -03 2021
./configure --prefix=/root/melted/20210406 --enable-gpl
Ter Abr  6 15:32:38 -03 2021
./configure --prefix=/root/melted/20210406 --enable-gpl
Ter Abr  6 15:35:18 -03 2021
./configure --prefix=/root/melted/20210406 --enable-gpl
Ter Abr  6 16:19:59 -03 2021
./configure --prefix=/root/melted/20210406 --enable-gpl
Qua Abr  7 14:38:14 -03 2021
./configure --prefix=/root/melted/20210407 --enable-gpl
Qua Abr  7 14:48:18 -03 2021
./configure --prefix=/root/melted/20210407 --enable-gpl
Qua Abr  7 14:51:49 -03 2021
./configure --prefix=/root/melted/20210407 --enable-gpl
Qua Abr  7 14:54:05 -03 2021
./configure --prefix=/root/melted/20210407 --enable-gpl
Qua Abr  7 14:54:53 -03 2021
./configure --prefix=/root/melted/20210407 --enable-gpl
Qua Abr  7 14:56:13 -03 2021
./configure --prefix=/root/melted/20210407 --enable-gpl
Qua Abr  7 14:57:26 -03 2021
./configure --prefix=/root/melted/20210407 --enable-gpl
Qua Abr  7 14:58:59 -03 2021
./configure --prefix=/root/melted/20210407 --enable-gpl
Qua Abr  7 15:13:57 -03 2021
./configure --prefix=/root/melted/20210407 --enable-gpl
Qua Abr  7 15:19:36 -03 2021
./configure --prefix=/root/melted/20210407 --enable-gpl
Qua Abr  7 15:21:42 -03 2021
./configure --prefix=/root/melted/20210407 --enable-gpl
Qua Abr  7 16:32:16 -03 2021
./configure --prefix=/root/melted/20210407 --enable-gpl
Qui Abr 15 16:21:12 -03 2021
./configure --prefix=/root/melted/20210415 --enable-gpl
Qui Abr 15 16:52:02 -03 2021
./configure --prefix=/root/melted/20210415 --enable-gpl
Qui Abr 15 16:53:51 -03 2021
./configure --prefix=/root/melted/20210415 --enable-gpl
Qui Abr 15 17:01:37 -03 2021
./configure --prefix=/root/melted/20210415 --enable-gpl
Qui Abr 15 17:02:11 -03 2021
./configure --prefix=/root/melted/20210415 --enable-gpl
Qui Abr 15 17:10:44 -03 2021
./configure --prefix=/root/melted/20210415 --enable-gpl
Qui Abr 22 15:01:07 -03 2021
./configure --prefix=/root/melted/20210422 --enable-gpl
Qui Abr 22 15:03:33 -03 2021
./configure --prefix=/root/melted/20210422 --enable-gpl
Qui Abr 22 15:05:10 -03 2021
./configure --prefix=/root/melted/20210422 --enable-gpl
Qui Abr 22 15:07:02 -03 2021
./configure --prefix=/root/melted/20210422 --enable-gpl
Sex Abr 23 09:41:52 -03 2021
./configure --prefix=/root/melted/20210423 --enable-gpl
Sex Abr 23 10:42:03 -03 2021
./configure --prefix=/root/melted/20210423 --enable-gpl
Sex Abr 23 10:51:39 -03 2021
./configure --prefix=/root/melted/20210423 --enable-gpl
Sex Abr 23 10:56:24 -03 2021
./configure --prefix=/root/melted/20210423 --enable-gpl
Sex Abr 23 11:02:17 -03 2021
./configure --prefix=/root/melted/20210423 --enable-gpl
Sex Abr 23 11:08:01 -03 2021
./configure --prefix=/root/melted/20210423 --enable-gpl
Sex Abr 23 11:17:35 -03 2021
./configure --prefix=/root/melted/20210423 --enable-gpl
Sex Abr 23 11:17:55 -03 2021
./configure --prefix=/root/melted/20210423 --enable-gpl
Sex Abr 23 11:20:02 -03 2021
./configure --prefix=/root/melted/20210423 --enable-gpl
Sex Abr 23 11:21:00 -03 2021
./configure --prefix=/root/melted/20210423 --enable-gpl
Sex Abr 23 11:22:09 -03 2021
./configure --prefix=/root/melted/20210423 --enable-gpl
Sex Abr 23 11:24:11 -03 2021
./configure --prefix=/root/melted/20210423 --enable-gpl
Sex Abr 23 11:25:29 -03 2021
./configure --prefix=/root/melted/20210423 --enable-gpl
Sex Abr 23 11:26:53 -03 2021
./configure --prefix=/root/melted/20210423 --enable-gpl
Sex Abr 23 11:28:50 -03 2021
./configure --prefix=/root/melted/20210423 --enable-gpl
Sex Abr 23 11:30:19 -03 2021
./configure --prefix=/root/melted/20210423 --enable-gpl
Sex Abr 23 11:31:33 -03 2021
./configure --prefix=/root/melted/20210423 --enable-gpl
Sex Abr 23 11:35:24 -03 2021
./configure --prefix=/root/melted/20210423 --enable-gpl
Sex Abr 23 11:36:25 -03 2021
./configure --prefix=/root/melted/20210423 --enable-gpl
Sex Abr 23 11:37:52 -03 2021
./configure --prefix=/root/melted/20210423 --enable-gpl
Sex Abr 23 11:38:52 -03 2021
./configure --prefix=/root/melted/20210423 --enable-gpl
Sex Abr 23 11:39:58 -03 2021
./configure --prefix=/root/melted/20210423 --enable-gpl
Sex Abr 23 11:40:25 -03 2021
./configure --prefix=/root/melted/20210423 --enable-gpl
Sex Abr 23 11:42:17 -03 2021
./configure --prefix=/root/melted/20210423 --enable-gpl
Sex Abr 23 11:43:33 -03 2021
./configure --prefix=/root/melted/20210423 --enable-gpl
Sex Abr 23 11:43:46 -03 2021
./configure --prefix=/root/melted/20210423 --enable-gpl
Sex Abr 23 11:44:46 -03 2021
./configure --prefix=/root/melted/20210423 --enable-gpl
Sex Abr 23 11:47:42 -03 2021
./configure --prefix=/root/melted/20210423 --enable-gpl
Sex Abr 23 11:50:48 -03 2021
./configure --prefix=/root/melted/20210423 --enable-gpl
Sex Abr 23 11:51:24 -03 2021
./configure --prefix=/root/melted/20210423 --enable-gpl
Sex Abr 23 11:53:42 -03 2021
./configure --prefix=/root/melted/20210423 --enable-gpl
Sex Abr 23 11:57:43 -03 2021
./configure --prefix=/root/melted/20210423 --enable-gpl
Sex Abr 23 11:58:30 -03 2021
./configure --prefix=/root/melted/20210423 --enable-gpl
Sex Abr 23 12:01:14 -03 2021
./configure --prefix=/root/melted/20210423 --enable-gpl
Sex Abr 23 12:07:48 -03 2021
./configure --prefix=/root/melted/20210423 --enable-gpl
Sex Abr 23 13:30:29 -03 2021
./configure --prefix=/root/melted/20210423 --enable-gpl
Sex Abr 23 13:32:06 -03 2021
./configure --prefix=/root/melted/20210423 --enable-gpl
Sex Abr 23 13:35:40 -03 2021
./configure --prefix=/root/melted/20210423 --enable-gpl
Sex Abr 23 13:38:57 -03 2021
./configure --prefix=/root/melted/20210423 --enable-gpl
Sex Abr 23 13:39:10 -03 2021
./configure --prefix=/root/melted/20210423 --enable-gpl
Sex Abr 23 13:42:08 -03 2021
./configure --prefix=/root/melted/20210423 --enable-gpl
Sex Abr 23 13:45:10 -03 2021
./configure --prefix=/root/melted/20210423 --enable-gpl
Sex Abr 23 13:48:02 -03 2021
./configure --prefix=/root/melted/20210423 --enable-gpl
Sex Abr 23 13:49:04 -03 2021
./configure --prefix=/root/melted/20210423 --enable-gpl
Sex Abr 23 13:53:05 -03 2021
./configure --prefix=/root/melted/20210423 --enable-gpl
Sex Abr 23 14:07:58 -03 2021
./configure --prefix=/root/melted/20210423 --enable-gpl
Sex Abr 23 14:10:17 -03 2021
./configure --prefix=/root/melted/20210423 --enable-gpl
Sex Abr 23 14:16:52 -03 2021
./configure --prefix=/root/melted/20210423 --enable-gpl
Sex Abr 23 14:29:23 -03 2021
./configure --prefix=/root/melted/20210423 --enable-gpl
Sex Abr 23 14:45:36 -03 2021
./configure --prefix=/root/melted/20210423 --enable-gpl
Sex Abr 23 14:47:38 -03 2021
./configure --prefix=/root/melted/20210423 --enable-gpl
Sex Abr 23 14:49:04 -03 2021
./configure --prefix=/root/melted/20210423 --enable-gpl
Sex Abr 23 14:52:25 -03 2021
./configure --prefix=/root/melted/20210423 --enable-gpl
Sex Abr 23 15:01:25 -03 2021
./configure --prefix=/root/melted/20210423 --enable-gpl
Sex Abr 23 15:03:40 -03 2021
./configure --prefix=/root/melted/20210423 --enable-gpl
Sex Abr 23 15:05:38 -03 2021
./configure --prefix=/root/melted/20210423 --enable-gpl
Sex Abr 23 15:08:52 -03 2021
./configure --prefix=/root/melted/20210423 --enable-gpl
Sex Abr 23 15:10:39 -03 2021
./configure --prefix=/root/melted/20210423 --enable-gpl
Sex Abr 23 15:16:30 -03 2021
./configure --prefix=/root/melted/20210423 --enable-gpl
Sex Abr 23 15:18:50 -03 2021
./configure --prefix=/root/melted/20210423 --enable-gpl
Sex Abr 23 15:44:22 -03 2021
./configure --prefix=/root/melted/20210423 --enable-gpl
Sex Abr 23 15:44:43 -03 2021
./configure --prefix=/root/melted/20210423 --enable-gpl
Sex Abr 23 15:45:53 -03 2021
./configure --prefix=/root/melted/20210423 --enable-gpl
Ter Abr 27 15:17:23 -03 2021
./configure --prefix=/root/melted/20210427 --enable-gpl
Ter Abr 27 15:21:48 -03 2021
./configure --prefix=/root/melted/20210427 --enable-gpl
Ter Abr 27 15:22:21 -03 2021
./configure --prefix=/root/melted/20210427 --enable-gpl
Ter Abr 27 15:24:13 -03 2021
./configure --prefix=/root/melted/20210427 --enable-gpl
Ter Abr 27 15:32:39 -03 2021
./configure --prefix=/root/melted/20210427 --enable-gpl
Ter Abr 27 15:46:26 -03 2021
./configure --prefix=/root/melted/20210427 --enable-gpl
Ter Abr 27 15:54:20 -03 2021
./configure --prefix=/root/melted/20210427 --enable-gpl
Ter Abr 27 15:55:23 -03 2021
./configure --prefix=/root/melted/20210427 --enable-gpl
Ter Abr 27 15:55:55 -03 2021
./configure --prefix=/root/melted/20210427 --enable-gpl
Ter Abr 27 16:00:13 -03 2021
./configure --prefix=/root/melted/20210427 --enable-gpl
Ter Abr 27 16:04:39 -03 2021
./configure --prefix=/root/melted/20210427 --enable-gpl
Ter Abr 27 16:05:44 -03 2021
./configure --prefix=/root/melted/20210427 --enable-gpl
Ter Abr 27 16:06:08 -03 2021
./configure --prefix=/root/melted/20210427 --enable-gpl
Ter Abr 27 16:06:18 -03 2021
./configure --prefix=/root/melted/20210427 --enable-gpl
Ter Abr 27 16:06:53 -03 2021
./configure --prefix=/root/melted/20210427 --enable-gpl
Ter Abr 27 16:07:35 -03 2021
./configure --prefix=/root/melted/20210427 --enable-gpl
Ter Abr 27 16:07:58 -03 2021
./configure --prefix=/root/melted/20210427 --enable-gpl
Ter Abr 27 16:09:06 -03 2021
./configure --prefix=/root/melted/20210427 --enable-gpl
Ter Abr 27 16:10:18 -03 2021
./configure --prefix=/root/melted/20210427 --enable-gpl
Ter Abr 27 16:10:50 -03 2021
./configure --prefix=/root/melted/20210427 --enable-gpl
Ter Abr 27 16:11:36 -03 2021
./configure --prefix=/root/melted/20210427 --enable-gpl
Ter Abr 27 16:15:49 -03 2021
./configure --prefix=/root/melted/20210427 --enable-gpl
Ter Abr 27 16:22:25 -03 2021
./configure --prefix=/root/melted/20210427 --enable-gpl
Ter Abr 27 16:54:26 -03 2021
./configure --prefix=/root/melted/20210427 --enable-gpl
Ter Abr 27 16:59:09 -03 2021
./configure --prefix=/root/melted/20210427 --enable-gpl
Ter Abr 27 17:00:09 -03 2021
./configure --prefix=/root/melted/20210427 --enable-gpl
Ter Abr 27 17:02:01 -03 2021
./configure --prefix=/root/melted/20210427 --enable-gpl
Ter Abr 27 17:04:32 -03 2021
./configure --prefix=/root/melted/20210427 --enable-gpl
Ter Abr 27 17:24:39 -03 2021
./configure --prefix=/root/melted/20210427 --enable-gpl
Ter Abr 27 17:29:24 -03 2021
./configure --prefix=/root/melted/20210427 --enable-gpl
Ter Mai 25 09:13:27 -03 2021
./configure --prefix=/root/melted/20210525 --enable-gpl
Ter Mai 25 09:18:49 -03 2021
./configure --prefix=/root/melted/20210525 --enable-gpl
Ter Mai 25 09:21:37 -03 2021
./configure --prefix=/root/melted/20210525 --enable-gpl
Ter Mai 25 09:25:49 -03 2021
./configure --prefix=/root/melted/20210525 --enable-gpl
Ter Mai 25 09:26:36 -03 2021
./configure --prefix=/root/melted/20210525 --enable-gpl
Ter Mai 25 09:27:26 -03 2021
./configure --prefix=/root/melted/20210525 --enable-gpl
Ter Mai 25 09:28:21 -03 2021
./configure --prefix=/root/melted/20210525 --enable-gpl
Ter Mai 25 09:32:01 -03 2021
./configure --prefix=/root/melted/20210525 --enable-gpl
Ter Mai 25 09:35:08 -03 2021
./configure --prefix=/root/melted/20210525 --enable-gpl
Ter Mai 25 09:44:08 -03 2021
./configure --prefix=/root/melted/20210525 --enable-gpl
Ter Mai 25 09:46:16 -03 2021
./configure --prefix=/root/melted/20210525 --enable-gpl
Ter Mai 25 09:48:16 -03 2021
./configure --prefix=/root/melted/20210525 --enable-gpl
Ter Mai 25 09:50:38 -03 2021
./configure --prefix=/root/melted/20210525 --enable-gpl
Ter Mai 25 09:51:44 -03 2021
./configure --prefix=/root/melted/20210525 --enable-gpl
Ter Mai 25 09:55:35 -03 2021
./configure --prefix=/root/melted/20210525 --enable-gpl
Ter Mai 25 09:56:22 -03 2021
./configure --prefix=/root/melted/20210525 --enable-gpl
Ter Mai 25 09:58:46 -03 2021
./configure --prefix=/root/melted/20210525 --enable-gpl
Ter Mai 25 09:58:59 -03 2021
./configure --prefix=/root/melted/20210525 --enable-gpl
Ter Mai 25 10:00:54 -03 2021
./configure --prefix=/root/melted/20210525 --enable-gpl
Ter Mai 25 10:01:08 -03 2021
./configure --prefix=/root/melted/20210525 --enable-gpl
Ter Mai 25 10:03:23 -03 2021
./configure --prefix=/root/melted/20210525 --enable-gpl
Ter Mai 25 10:03:50 -03 2021
./configure --prefix=/root/melted/20210525 --enable-gpl
Ter Mai 25 10:05:39 -03 2021
./configure --prefix=/root/melted/20210525 --enable-gpl
Ter Mai 25 10:06:14 -03 2021
./configure --prefix=/root/melted/20210525 --enable-gpl
Ter Mai 25 10:08:31 -03 2021
./configure --prefix=/root/melted/20210525 --enable-gpl
Ter Mai 25 10:08:55 -03 2021
./configure --prefix=/root/melted/20210525 --enable-gpl
Ter Mai 25 10:09:27 -03 2021
./configure --prefix=/root/melted/20210525 --enable-gpl
Ter Mai 25 10:11:08 -03 2021
./configure --prefix=/root/melted/20210525 --enable-gpl
Ter Mai 25 10:12:11 -03 2021
./configure --prefix=/root/melted/20210525 --enable-gpl
Ter Mai 25 10:28:05 -03 2021
./configure --prefix=/root/melted/20210525 --enable-gpl
Ter Mai 25 10:31:54 -03 2021
./configure --prefix=/root/melted/20210525 --enable-gpl
Ter Mai 25 10:32:21 -03 2021
./configure --prefix=/root/melted/20210525 --enable-gpl
Ter Mai 25 10:38:43 -03 2021
./configure --prefix=/root/melted/20210525 --enable-gpl
Ter Mai 25 10:41:19 -03 2021
./configure --prefix=/root/melted/20210525 --enable-gpl
Ter Mai 25 10:42:56 -03 2021
./configure --prefix=/root/melted/20210525 --enable-gpl
Ter Mai 25 10:44:23 -03 2021
./configure --prefix=/root/melted/20210525 --enable-gpl
Ter Mai 25 10:45:05 -03 2021
./configure --prefix=/root/melted/20210525 --enable-gpl
Ter Mai 25 10:47:04 -03 2021
./configure --prefix=/root/melted/20210525 --enable-gpl
Ter Mai 25 10:49:10 -03 2021
./configure --prefix=/root/melted/20210525 --enable-gpl
Ter Mai 25 16:44:06 -03 2021
./configure --prefix=/root/melted/20210525 --enable-gpl
Ter Mai 25 16:44:22 -03 2021
./configure --prefix=/root/melted/20210525 --enable-gpl
Ter Mai 25 16:46:25 -03 2021
./configure --prefix=/root/melted/20210525 --enable-gpl
Qua Mai 26 10:39:32 -03 2021
./configure --prefix=/root/melted/20210526 --enable-gpl
Qua Mai 26 16:21:14 -03 2021
./configure --prefix=/root/melted/20210526 --enable-gpl
Qua Mai 26 16:22:28 -03 2021
./configure --prefix=/root/melted/20210526 --enable-gpl
Qua Mai 26 16:25:35 -03 2021
./configure --prefix=/root/melted/20210526 --enable-gpl
Qua Mai 26 16:27:28 -03 2021
./configure --prefix=/root/melted/20210526 --enable-gpl
Qua Mai 26 16:31:10 -03 2021
./configure --prefix=/root/melted/20210526 --enable-gpl
Qua Mai 26 17:01:22 -03 2021
./configure --prefix=/root/melted/20210526 --enable-gpl
Qua Mai 26 17:05:32 -03 2021
./configure --prefix=/root/melted/20210526 --enable-gpl
Qua Mai 26 17:08:16 -03 2021
./configure --prefix=/root/melted/20210526 --enable-gpl
Qua Mai 26 17:13:46 -03 2021
./configure --prefix=/root/melted/20210526 --enable-gpl
Qua Mai 26 17:19:05 -03 2021
./configure --prefix=/root/melted/20210526 --enable-gpl
Qua Mai 26 17:24:53 -03 2021
./configure --prefix=/root/melted/20210526 --enable-gpl
Qua Mai 26 17:25:19 -03 2021
./configure --prefix=/root/melted/20210526 --enable-gpl
Qua Mai 26 17:28:22 -03 2021
./configure --prefix=/root/melted/20210526 --enable-gpl
Qua Mai 26 17:30:35 -03 2021
./configure --prefix=/root/melted/20210526 --enable-gpl
Qua Mai 26 17:32:42 -03 2021
./configure --prefix=/root/melted/20210526 --enable-gpl
Qua Mai 26 17:34:37 -03 2021
./configure --prefix=/root/melted/20210526 --enable-gpl
Qua Mai 26 17:37:52 -03 2021
./configure --prefix=/root/melted/20210526 --enable-gpl
Qua Mai 26 17:40:00 -03 2021
./configure --prefix=/root/melted/20210526 --enable-gpl
Qua Mai 26 17:41:55 -03 2021
./configure --prefix=/root/melted/20210526 --enable-gpl
Qua Mai 26 17:43:50 -03 2021
./configure --prefix=/root/melted/20210526 --enable-gpl
Qua Mai 26 17:44:45 -03 2021
./configure --prefix=/root/melted/20210526 --enable-gpl
Qua Mai 26 17:46:27 -03 2021
./configure --prefix=/root/melted/20210526 --enable-gpl
Qua Mai 26 17:50:04 -03 2021
./configure --prefix=/root/melted/20210526 --enable-gpl
Qua Mai 26 17:53:29 -03 2021
./configure --prefix=/root/melted/20210526 --enable-gpl
Qui Mai 27 08:22:10 -03 2021
./configure --prefix=/root/melted/20210527 --enable-gpl
Qui Mai 27 08:38:04 -03 2021
./configure --prefix=/root/melted/20210527 --enable-gpl
Qui Mai 27 08:48:34 -03 2021
./configure --prefix=/root/melted/20210527 --enable-gpl
Qui Mai 27 08:50:11 -03 2021
./configure --prefix=/root/melted/20210527 --enable-gpl
Qui Mai 27 08:51:01 -03 2021
./configure --prefix=/root/melted/20210527 --enable-gpl
Qui Mai 27 09:08:02 -03 2021
./configure --prefix=/root/melted/20210527 --enable-gpl
Qui Mai 27 09:16:35 -03 2021
./configure --prefix=/root/melted/20210527 --enable-gpl
Qui Mai 27 09:58:02 -03 2021
./configure --prefix=/root/melted/20210527 --enable-gpl
Qui Mai 27 10:01:08 -03 2021
./configure --prefix=/root/melted/20210527 --enable-gpl
Qui Mai 27 11:15:29 -03 2021
./configure --prefix=/root/melted/20210527 --enable-gpl
Qui Mai 27 12:12:40 -03 2021
./configure --prefix=/root/melted/20210527 --enable-gpl
Qui Mai 27 12:13:40 -03 2021
./configure --prefix=/root/melted/20210527 --enable-gpl
Qui Mai 27 12:18:11 -03 2021
./configure --prefix=/root/melted/20210527 --enable-gpl
Qui Mai 27 12:20:48 -03 2021
./configure --prefix=/root/melted/20210527 --enable-gpl
Qui Mai 27 12:22:31 -03 2021
./configure --prefix=/root/melted/20210527 --enable-gpl
Qui Mai 27 12:23:28 -03 2021
./configure --prefix=/root/melted/20210527 --enable-gpl
Qui Mai 27 12:24:28 -03 2021
./configure --prefix=/root/melted/20210527 --enable-gpl
Qui Mai 27 12:25:43 -03 2021
./configure --prefix=/root/melted/20210527 --enable-gpl
Qui Mai 27 12:26:59 -03 2021
./configure --prefix=/root/melted/20210527 --enable-gpl
Qui Mai 27 12:28:37 -03 2021
./configure --prefix=/root/melted/20210527 --enable-gpl
Qui Mai 27 12:29:46 -03 2021
./configure --prefix=/root/melted/20210527 --enable-gpl
Qui Mai 27 12:34:46 -03 2021
./configure --prefix=/root/melted/20210527 --enable-gpl
Qui Mai 27 12:35:17 -03 2021
./configure --prefix=/root/melted/20210527 --enable-gpl
Qui Mai 27 12:37:07 -03 2021
./configure --prefix=/root/melted/20210527 --enable-gpl
Qui Mai 27 12:37:18 -03 2021
./configure --prefix=/root/melted/20210527 --enable-gpl
Qui Mai 27 12:38:16 -03 2021
./configure --prefix=/root/melted/20210527 --enable-gpl
Qui Mai 27 12:42:10 -03 2021
./configure --prefix=/root/melted/20210527 --enable-gpl
Qui Mai 27 12:43:50 -03 2021
./configure --prefix=/root/melted/20210527 --enable-gpl
Qui Mai 27 12:45:25 -03 2021
./configure --prefix=/root/melted/20210527 --enable-gpl
Qui Mai 27 12:46:53 -03 2021
./configure --prefix=/root/melted/20210527 --enable-gpl
Qui Mai 27 12:48:00 -03 2021
./configure --prefix=/root/melted/20210527 --enable-gpl
Qui Mai 27 12:50:41 -03 2021
./configure --prefix=/root/melted/20210527 --enable-gpl
Qui Mai 27 12:55:05 -03 2021
./configure --prefix=/root/melted/20210527 --enable-gpl
Qui Mai 27 12:57:00 -03 2021
./configure --prefix=/root/melted/20210527 --enable-gpl
Qui Mai 27 13:24:53 -03 2021
./configure --prefix=/root/melted/20210527 --enable-gpl
Qui Mai 27 15:33:36 -03 2021
./configure --prefix=/root/melted/20210527 --enable-gpl
Seg Mai 31 14:10:15 -03 2021
./configure --prefix=/root/melted/20210531 --enable-gpl
Seg Mai 31 14:12:07 -03 2021
./configure --prefix=/root/melted/20210531 --enable-gpl
Seg Mai 31 14:14:19 -03 2021
./configure --prefix=/root/melted/20210531 --enable-gpl
Seg Mai 31 14:17:56 -03 2021
./configure --prefix=/root/melted/20210531 --enable-gpl
Seg Mai 31 14:42:03 -03 2021
./configure --prefix=/root/melted/20210531 --enable-gpl
Seg Mai 31 14:44:14 -03 2021
./configure --prefix=/root/melted/20210531 --enable-gpl
Seg Mai 31 14:47:53 -03 2021
./configure --prefix=/root/melted/20210531 --enable-gpl
Seg Mai 31 14:53:08 -03 2021
./configure --prefix=/root/melted/20210531 --enable-gpl
Seg Mai 31 14:54:29 -03 2021
./configure --prefix=/root/melted/20210531 --enable-gpl
Seg Mai 31 14:58:51 -03 2021
./configure --prefix=/root/melted/20210531 --enable-gpl
Seg Mai 31 15:14:11 -03 2021
./configure --prefix=/root/melted/20210531 --enable-gpl
